<?xml version="1.0" encoding="UTF-8"?>
<!-- Generated by org.testng.reporters.JUnitReportReporter -->
<testsuite hostname="WINDOWS-5RLB6OD" failures="0" tests="1" name="com.testingPurpose.TestCases" time="13.179" errors="0" timestamp="2024-06-10T11:58:14 IST" skipped="0">
  <testcase classname="com.testingPurpose.TestCases" name="verifyErrMsgWrongMobNo" time="13.179"/>
  <system-out/>
</testsuite> <!-- com.testingPurpose.TestCases -->
